<?xml version="1.0" encoding="utf-8"?><testsuites name="pytest tests"><testsuite name="pytest" errors="0" failures="0" skipped="0" tests="11" time="46.844" timestamp="2026-03-24T07:53:40.886659+00:00" hostname="agent-env-9c27c39c-bc37-456c-88d4-952e5d855054"><testcase classname="backend.tests.test_ai_features.TestAuth" name="test_login_success" time="0.269" /><testcase classname="backend.tests.test_ai_features.TestAIChatGermanLanguage" name="test_user_settings_language_is_german" time="0.205" /><testcase classname="backend.tests.test_ai_features.TestAIChatGermanLanguage" name="test_ai_chat_endpoint_accepts_message" time="6.973" /><testcase classname="backend.tests.test_ai_features.TestAIChatGermanLanguage" name="test_ai_chat_returns_referenced_documents" time="3.847" /><testcase classname="backend.tests.test_ai_features.TestResponseGenerationFormats" name="test_generate_response_accepts_pdf_format" time="12.350" /><testcase classname="backend.tests.test_ai_features.TestResponseGenerationFormats" name="test_generate_response_accepts_docx_format" time="15.384" /><testcase classname="backend.tests.test_ai_features.TestResponseGenerationFormats" name="test_generate_response_accepts_txt_format" time="6.591" /><testcase classname="backend.tests.test_ai_features.TestDataExportZIP" name="test_export_all_returns_zip" time="0.381" /><testcase classname="backend.tests.test_ai_features.TestAIStatus" name="test_ai_status_endpoint" time="0.223" /><testcase classname="backend.tests.test_ai_features.TestDocuments" name="test_list_documents" time="0.243" /><testcase classname="backend.tests.test_ai_features.TestCases" name="test_list_cases" time="0.255" /></testsuite></testsuites>