<?xml version="1.0" encoding="utf-8"?><testsuites name="pytest tests"><testsuite name="pytest" errors="0" failures="0" skipped="0" tests="14" time="2.252" timestamp="2026-03-16T05:56:52.742631+00:00" hostname="agent-env-8c71036b-eabb-4e00-a663-ffbf7fc781df"><testcase classname="backend.tests.test_proactive_ai.TestAuthentication" name="test_login_success" time="0.132" /><testcase classname="backend.tests.test_proactive_ai.TestAuthentication" name="test_auth_me" time="0.112" /><testcase classname="backend.tests.test_proactive_ai.TestProactiveAIEndpoints" name="test_suggest_documents_endpoint_exists" time="0.235" /><testcase classname="backend.tests.test_proactive_ai.TestProactiveAIEndpoints" name="test_proactive_analysis_endpoint_exists" time="0.127" /><testcase classname="backend.tests.test_proactive_ai.TestProactiveAIEndpoints" name="test_daily_briefing_endpoint_exists" time="0.133" /><testcase classname="backend.tests.test_proactive_ai.TestDashboard" name="test_dashboard_stats" time="0.210" /><testcase classname="backend.tests.test_proactive_ai.TestCases" name="test_list_cases" time="0.204" /><testcase classname="backend.tests.test_proactive_ai.TestCases" name="test_get_case_detail" time="0.201" /><testcase classname="backend.tests.test_proactive_ai.TestUserSettings" name="test_get_users_admin" time="0.195" /><testcase classname="backend.tests.test_proactive_ai.TestUserSettings" name="test_list_invitations" time="0.111" /><testcase classname="backend.tests.test_proactive_ai.TestUserSettings" name="test_user_settings" time="0.114" /><testcase classname="backend.tests.test_proactive_ai.TestUserSettings" name="test_system_settings" time="0.099" /><testcase classname="backend.tests.test_proactive_ai.TestAIStatus" name="test_ai_status" time="0.233" /><testcase classname="backend.tests.test_proactive_ai.TestHealthCheck" name="test_health" time="0.095" /></testsuite></testsuites>