<?xml version="1.0" encoding="utf-8"?><testsuites name="pytest tests"><testsuite name="pytest" errors="0" failures="0" skipped="0" tests="17" time="4.146" timestamp="2026-04-08T08:13:55.962319+00:00" hostname="agent-env-2f8e811a-1bf9-4f65-bf2a-0c489db6768c"><testcase classname="tests.test_casedesk_iteration7.TestHealthAndAuth" name="test_health_endpoint" time="0.151" /><testcase classname="tests.test_casedesk_iteration7.TestHealthAndAuth" name="test_login_with_test_credentials" time="0.108" /><testcase classname="tests.test_casedesk_iteration7.TestHealthAndAuth" name="test_login_invalid_credentials" time="0.098" /><testcase classname="tests.test_casedesk_iteration7.TestEventsAPI" name="test_list_events_returns_200" time="0.199" /><testcase classname="tests.test_casedesk_iteration7.TestEventsAPI" name="test_list_events_returns_valid_structure" time="0.199" /><testcase classname="tests.test_casedesk_iteration7.TestEventsAPI" name="test_get_reminder_options" time="0.213" /><testcase classname="tests.test_casedesk_iteration7.TestEventsAPI" name="test_create_and_delete_event" time="0.395" /><testcase classname="tests.test_casedesk_iteration7.TestTasksAPI" name="test_list_tasks_returns_200" time="0.206" /><testcase classname="tests.test_casedesk_iteration7.TestTasksAPI" name="test_list_tasks_returns_valid_structure" time="0.226" /><testcase classname="tests.test_casedesk_iteration7.TestTasksAPI" name="test_create_and_delete_task" time="0.293" /><testcase classname="tests.test_casedesk_iteration7.TestDocumentsAPI" name="test_list_documents_returns_200" time="0.215" /><testcase classname="tests.test_casedesk_iteration7.TestDocumentsAPI" name="test_list_documents_returns_valid_structure" time="0.205" /><testcase classname="tests.test_casedesk_iteration7.TestDocumentsAPI" name="test_get_document_by_id" time="0.294" /><testcase classname="tests.test_casedesk_iteration7.TestDashboardAPI" name="test_dashboard_stats" time="0.871" /><testcase classname="tests.test_casedesk_iteration7.TestCasesAPI" name="test_list_cases_returns_200" time="0.197" /><testcase classname="tests.test_casedesk_iteration7.TestNoOldAPIEndpoints" name="test_no_v1_events_endpoint" time="0.097" /><testcase classname="tests.test_casedesk_iteration7.TestNoOldAPIEndpoints" name="test_no_v1_tasks_endpoint" time="0.097" /></testsuite></testsuites>