<?xml version="1.0" encoding="utf-8"?><testsuites name="pytest tests"><testsuite name="pytest" errors="0" failures="0" skipped="0" tests="15" time="29.521" timestamp="2026-03-24T11:29:18.511721+00:00" hostname="agent-env-06f6721f-0e25-4681-93cf-a52c7ef8fd01"><testcase classname="backend.tests.test_ai_memory_features.TestAIMemoryFeatures" name="test_01_login_success" time="0.367" /><testcase classname="backend.tests.test_ai_memory_features.TestAIMemoryFeatures" name="test_02_get_documents_for_context" time="0.165" /><testcase classname="backend.tests.test_ai_memory_features.TestAIMemoryFeatures" name="test_03_get_cases_for_context" time="0.207" /><testcase classname="backend.tests.test_ai_memory_features.TestAIMemoryFeatures" name="test_04_ai_chat_basic" time="2.129" /><testcase classname="backend.tests.test_ai_memory_features.TestAIMemoryFeatures" name="test_05_ai_chat_with_document_id" time="6.769" /><testcase classname="backend.tests.test_ai_memory_features.TestAIMemoryFeatures" name="test_06_ai_chat_with_case_id" time="1.368" /><testcase classname="backend.tests.test_ai_memory_features.TestAIMemoryFeatures" name="test_07_ai_chat_with_both_document_and_case" time="5.525" /><testcase classname="backend.tests.test_ai_memory_features.TestAIMemoryFeatures" name="test_08_get_ai_profile" time="1.406" /><testcase classname="backend.tests.test_ai_memory_features.TestAIMemoryFeatures" name="test_09_ai_profile_structure" time="0.251" /><testcase classname="backend.tests.test_ai_memory_features.TestAIMemoryFeatures" name="test_10_delete_ai_profile_fact" time="7.062" /><testcase classname="backend.tests.test_ai_memory_features.TestAIMemoryFeatures" name="test_11_clear_ai_profile" time="0.210" /><testcase classname="backend.tests.test_ai_memory_features.TestAIMemoryFeatures" name="test_12_ai_chat_response_structure" time="2.165" /><testcase classname="backend.tests.test_ai_memory_features.TestAIEndpointValidation" name="test_ai_chat_requires_message" time="1.354" /><testcase classname="backend.tests.test_ai_memory_features.TestAIEndpointValidation" name="test_ai_profile_requires_auth" time="0.234" /><testcase classname="backend.tests.test_ai_memory_features.TestAIEndpointValidation" name="test_delete_fact_invalid_index" time="0.160" /></testsuite></testsuites>