<?xml version="1.0" encoding="utf-8"?><testsuites name="pytest tests"><testsuite name="pytest" errors="0" failures="0" skipped="0" tests="11" time="3.051" timestamp="2026-04-08T08:45:38.722234+00:00" hostname="agent-env-2f8e811a-1bf9-4f65-bf2a-0c489db6768c"><testcase classname="backend.tests.test_ai_execute_action.TestAIExecuteAction" name="test_health_check" time="0.220" /><testcase classname="backend.tests.test_ai_execute_action.TestAIExecuteAction" name="test_execute_action_create_event" time="0.245" /><testcase classname="backend.tests.test_ai_execute_action.TestAIExecuteAction" name="test_execute_action_create_task" time="0.255" /><testcase classname="backend.tests.test_ai_execute_action.TestAIExecuteAction" name="test_execute_action_create_event_with_reminder" time="0.263" /><testcase classname="backend.tests.test_ai_execute_action.TestAIExecuteAction" name="test_execute_action_invalid_action_type" time="0.145" /><testcase classname="backend.tests.test_ai_execute_action.TestAIExecuteAction" name="test_execute_action_not_confirmed" time="0.196" /><testcase classname="backend.tests.test_ai_execute_action.TestAIExecuteAction" name="test_ai_chat_action_detection" time="0.906" /><testcase classname="backend.tests.test_ai_execute_action.TestEventsAPI" name="test_list_events" time="0.151" /><testcase classname="backend.tests.test_ai_execute_action.TestEventsAPI" name="test_create_event_directly" time="0.209" /><testcase classname="backend.tests.test_ai_execute_action.TestTasksAPI" name="test_list_tasks" time="0.158" /><testcase classname="backend.tests.test_ai_execute_action.TestTasksAPI" name="test_create_task_directly" time="0.230" /></testsuite></testsuites>