<?xml version="1.0" encoding="utf-8"?><testsuites name="pytest tests"><testsuite name="pytest" errors="0" failures="0" skipped="0" tests="14" time="2.879" timestamp="2026-03-16T05:45:10.108059+00:00" hostname="agent-env-8c71036b-eabb-4e00-a663-ffbf7fc781df"><testcase classname="backend.tests.test_invitation_features.TestAuthAndSession" name="test_login_success" time="0.151" /><testcase classname="backend.tests.test_invitation_features.TestAuthAndSession" name="test_get_current_user" time="0.274" /><testcase classname="backend.tests.test_invitation_features.TestUserInvitationSystem" name="test_list_invitations" time="0.273" /><testcase classname="backend.tests.test_invitation_features.TestUserInvitationSystem" name="test_validate_existing_invitation" time="0.126" /><testcase classname="backend.tests.test_invitation_features.TestUserInvitationSystem" name="test_validate_invalid_invitation" time="0.128" /><testcase classname="backend.tests.test_invitation_features.TestUserInvitationSystem" name="test_create_new_invitation" time="0.118" /><testcase classname="backend.tests.test_invitation_features.TestUserInvitationSystem" name="test_duplicate_invitation_rejected" time="0.127" /><testcase classname="backend.tests.test_invitation_features.TestUserInvitationSystem" name="test_list_users" time="0.127" /><testcase classname="backend.tests.test_invitation_features.TestUserSettings" name="test_get_user_settings" time="0.253" /><testcase classname="backend.tests.test_invitation_features.TestUserSettings" name="test_update_user_settings_theme" time="0.379" /><testcase classname="backend.tests.test_invitation_features.TestUserSettings" name="test_update_user_settings_language" time="0.121" /><testcase classname="backend.tests.test_invitation_features.TestAIChatWithContext" name="test_ai_chat_endpoint" time="0.288" /><testcase classname="backend.tests.test_invitation_features.TestAIChatWithContext" name="test_ai_status" time="0.144" /><testcase classname="backend.tests.test_invitation_features.TestSystemSettings" name="test_get_system_settings" time="0.279" /></testsuite></testsuites>