<?xml version="1.0" encoding="utf-8"?><testsuites name="pytest tests"><testsuite name="pytest" errors="0" failures="0" skipped="0" tests="16" time="7.902" timestamp="2026-03-24T08:15:43.762960+00:00" hostname="agent-env-9c27c39c-bc37-456c-88d4-952e5d855054"><testcase classname="tests.test_refactored_backend.TestHealthAndSetup" name="test_health_endpoint_returns_healthy" time="0.218" /><testcase classname="tests.test_refactored_backend.TestHealthAndSetup" name="test_setup_status_returns_fields" time="0.132" /><testcase classname="tests.test_refactored_backend.TestAuthentication" name="test_login_returns_token_and_user" time="0.111" /><testcase classname="tests.test_refactored_backend.TestAuthentication" name="test_login_invalid_credentials" time="0.108" /><testcase classname="tests.test_refactored_backend.TestAuthentication" name="test_get_current_user_info" time="0.191" /><testcase classname="tests.test_refactored_backend.TestDashboard" name="test_dashboard_stats_returns_counts" time="0.216" /><testcase classname="tests.test_refactored_backend.TestCases" name="test_list_cases" time="0.225" /><testcase classname="tests.test_refactored_backend.TestDocuments" name="test_list_documents" time="0.191" /><testcase classname="tests.test_refactored_backend.TestTasks" name="test_list_tasks" time="0.232" /><testcase classname="tests.test_refactored_backend.TestEvents" name="test_list_events" time="0.204" /><testcase classname="tests.test_refactored_backend.TestAIChat" name="test_ai_chat_german_response" time="4.760" /><testcase classname="tests.test_refactored_backend.TestSettings" name="test_system_settings_admin_only" time="0.219" /><testcase classname="tests.test_refactored_backend.TestSettings" name="test_user_settings_returns_language" time="0.190" /><testcase classname="tests.test_refactored_backend.TestSettings" name="test_system_settings_requires_auth" time="0.200" /><testcase classname="tests.test_refactored_backend.TestExport" name="test_export_all_returns_zip" time="0.342" /><testcase classname="tests.test_refactored_backend.TestRoleBasedAccess" name="test_system_settings_requires_admin_role" time="0.249" /></testsuite></testsuites>