<?xml version="1.0" encoding="utf-8"?><testsuites name="pytest tests"><testsuite name="pytest" errors="0" failures="0" skipped="0" tests="13" time="2.446" timestamp="2026-04-08T14:09:36.949541+00:00" hostname="agent-env-2f8e811a-1bf9-4f65-bf2a-0c489db6768c"><testcase classname="tests.test_date_parsing_fix.TestDateParsingFix" name="test_health_endpoint" time="0.297" /><testcase classname="tests.test_date_parsing_fix.TestDateParsingFix" name="test_events_endpoint_returns_valid_dates" time="0.245" /><testcase classname="tests.test_date_parsing_fix.TestDateParsingFix" name="test_tasks_endpoint_returns_valid_dates" time="0.223" /><testcase classname="tests.test_date_parsing_fix.TestDateParsingFix" name="test_create_event_with_valid_dates" time="0.465" /><testcase classname="tests.test_date_parsing_fix.TestDateParsingFix" name="test_create_task_with_due_date" time="0.457" /><testcase classname="tests.test_date_parsing_fix.TestDateUtilsFunction" name="test_safe_parse_datetime_with_datetime_object" time="0.001" /><testcase classname="tests.test_date_parsing_fix.TestDateUtilsFunction" name="test_safe_parse_datetime_with_valid_iso_string" time="0.000" /><testcase classname="tests.test_date_parsing_fix.TestDateUtilsFunction" name="test_safe_parse_datetime_with_malformed_strings" time="0.000" /><testcase classname="tests.test_date_parsing_fix.TestDateUtilsFunction" name="test_safe_parse_datetime_with_none" time="0.000" /><testcase classname="tests.test_date_parsing_fix.TestDateUtilsFunction" name="test_safe_parse_datetime_with_empty_string" time="0.000" /><testcase classname="tests.test_date_parsing_fix.TestEmailSendingEndpoint" name="test_mail_accounts_endpoint" time="0.229" /><testcase classname="tests.test_date_parsing_fix.TestEmailSendingEndpoint" name="test_emails_list_endpoint" time="0.207" /><testcase classname="tests.test_date_parsing_fix.TestDocumentsEndpoint" name="test_documents_list_endpoint" time="0.250" /></testsuite></testsuites>